<?xml version="1.0" encoding="UTF-8"?>
<!-- Generated by org.testng.reporters.JUnitXMLReporter -->
<testsuite hostname="Ankit-Tripathi.local" ignored="0" name="Default test" tests="5" failures="0" timestamp="04 Jun 2019 10:11:15 GMT" time="63.97" errors="0">
  <testcase name="clickOnLoginTab" time="6.864" classname="TestRun.ScriptRunner"/>
  <testcase name="submitUserandpwd" time="6.645" classname="TestRun.ScriptRunner"/>
  <testcase name="searchTheptoduct" time="9.068" classname="TestRun.ScriptRunner"/>
  <testcase name="selectTheproduct" time="2.521" classname="TestRun.ScriptRunner"/>
  <testcase name="addTocart" time="21.412" classname="TestRun.ScriptRunner"/>
</testsuite> <!-- Default test -->
