<?xml version="1.0" encoding="UTF-8"?>
<testng-results skipped="0" failed="0" ignored="0" total="5" passed="5">
  <reporter-output>
    <line>
      <![CDATA[Step:=>  Before Method]]>
    </line>
    <line>
      <![CDATA[Login to the application]]>
    </line>
    <line>
      <![CDATA[fill the user information and click on submit]]>
    </line>
    <line>
      <![CDATA[Search for the product]]>
    </line>
    <line>
      <![CDATA[Select the product]]>
    </line>
    <line>
      <![CDATA[Add product in the cart]]>
    </line>
  </reporter-output>
  <suite name="Default suite" duration-ms="63970" started-at="2019-06-04T10:10:11Z" finished-at="2019-06-04T10:11:15Z">
    <groups>
    </groups>
    <test name="Default test" duration-ms="63970" started-at="2019-06-04T10:10:11Z" finished-at="2019-06-04T10:11:15Z">
      <class name="TestRun.ScriptRunner">
        <test-method status="PASS" signature="startUp()[pri:0, instance:TestRun.ScriptRunner@523884b2]" name="startUp" is-config="true" duration-ms="17438" started-at="2019-06-04T15:40:11Z" finished-at="2019-06-04T15:40:28Z">
          <reporter-output>
            <line>
              <![CDATA[Step:=>  Before Method]]>
            </line>
          </reporter-output>
        </test-method> <!-- startUp -->
        <test-method status="PASS" signature="clickOnLoginTab()[pri:1, instance:TestRun.ScriptRunner@523884b2]" name="clickOnLoginTab" duration-ms="6864" started-at="2019-06-04T15:40:28Z" finished-at="2019-06-04T15:40:35Z">
          <reporter-output>
            <line>
              <![CDATA[Login to the application]]>
            </line>
          </reporter-output>
        </test-method> <!-- clickOnLoginTab -->
        <test-method status="PASS" signature="submitUserandpwd()[pri:2, instance:TestRun.ScriptRunner@523884b2]" name="submitUserandpwd" duration-ms="6645" started-at="2019-06-04T15:40:35Z" finished-at="2019-06-04T15:40:42Z">
          <reporter-output>
            <line>
              <![CDATA[fill the user information and click on submit]]>
            </line>
          </reporter-output>
        </test-method> <!-- submitUserandpwd -->
        <test-method status="PASS" signature="searchTheptoduct()[pri:3, instance:TestRun.ScriptRunner@523884b2]" name="searchTheptoduct" duration-ms="9068" started-at="2019-06-04T15:40:42Z" finished-at="2019-06-04T15:40:51Z">
          <reporter-output>
            <line>
              <![CDATA[Search for the product]]>
            </line>
          </reporter-output>
        </test-method> <!-- searchTheptoduct -->
        <test-method status="PASS" signature="selectTheproduct()[pri:4, instance:TestRun.ScriptRunner@523884b2]" name="selectTheproduct" duration-ms="2521" started-at="2019-06-04T15:40:51Z" finished-at="2019-06-04T15:40:53Z">
          <reporter-output>
            <line>
              <![CDATA[Select the product]]>
            </line>
          </reporter-output>
        </test-method> <!-- selectTheproduct -->
        <test-method status="PASS" signature="addTocart()[pri:5, instance:TestRun.ScriptRunner@523884b2]" name="addTocart" duration-ms="21412" started-at="2019-06-04T15:40:53Z" finished-at="2019-06-04T15:41:15Z">
          <reporter-output>
            <line>
              <![CDATA[Add product in the cart]]>
            </line>
          </reporter-output>
        </test-method> <!-- addTocart -->
      </class> <!-- TestRun.ScriptRunner -->
    </test> <!-- Default test -->
  </suite> <!-- Default suite -->
</testng-results>
